<?xml version="1.0" encoding="UTF-8"?>
<!-- Generated by org.testng.reporters.JUnitReportReporter -->
<testsuite hostname="DESKTOP-RGFSRAV" failures="0" tests="3" name="learningacademy.tests.SubmitOrderTest" time="36.543" errors="0" timestamp="2025-01-24T18:47:39 EST" skipped="0">
  <testcase classname="learningacademy.tests.SubmitOrderTest" name="submitOrder" time="12.577"/>
  <testcase classname="learningacademy.tests.SubmitOrderTest" name="OrderHistoryTest" time="8.347"/>
  <testcase classname="learningacademy.tests.SubmitOrderTest" name="submitOrder" time="15.619"/>
</testsuite> <!-- learningacademy.tests.SubmitOrderTest -->
