<?xml version="1.0" encoding="UTF-8"?>
<!-- Generated by org.testng.reporters.JUnitReportReporter -->
<testsuite hostname="DESKTOP-RGFSRAV" failures="0" tests="3" name="learningacademy.tests.SubmitOrderTest" time="62.059" errors="0" timestamp="2025-01-25T17:29:43 EST" skipped="1">
  <testcase classname="learningacademy.tests.SubmitOrderTest" name="submitOrder" time="33.187"/>
  <testcase classname="learningacademy.tests.SubmitOrderTest" name="submitOrder" time="11.380"/>
  <testcase classname="learningacademy.tests.SubmitOrderTest" name="submitOrder" time="17.492">
    <skipped/>
  </testcase> <!-- submitOrder -->
</testsuite> <!-- learningacademy.tests.SubmitOrderTest -->
